DotMonster/proj.android/proguard-project.txt
# To enable ProGuard in your project, edit project.properties
# to define the proguard.config property as described in that file.
#
# Add project specific ProGuard rules here.
# By default, the flags in this file are appended to flags specified
# in ${sdk.dir}/tools/proguard/proguard-android.txt
# You can edit the include path and order by changing the ProGuard
# include property in project.properties.
#
# For more details, see
#   http://developer.android.com/guide/developing/tools/proguard.html

# Add any project specific keep options here:

# If your project uses WebView with JS, uncomment the following
# and specify the fully qualified class name to the JavaScript interface
# class:
#-keepclassmembers class fqcn.of.javascript.interface.for.webview {
#   public *;
#}

-dontwarn com.tapjoy.internal.**

-keep class android.support.v4.app.** { *; }
-keep interface android.support.v4.app.** { *; }
-keep class com.actionbarsherlock.** { *; }
-keep interface com.actionbarsherlock.** { *; }

-keep class com.tronplay.etc.** { *; }
-keep interface com.tronplay.etc.** { *; }

#--------------------
# Keep native methods
#--------------------
-keepclasseswithmembernames class * {
  native <methods>;
}

-keep public class org.cocos2dx.cpp.** {
	public static native <methods>;
}

# cocos2d-x 3.4 exceptions:
-keepclassmembers public class org.cocos2dx.lib.** {
*;
}

# more cocos2d-x 3.4 exceptions:
-keepclassmembers public class com.chukong.cocosplay.client.** {
*;
}
# ADMOB
-keep public class com.google.android.gms.ads.** {
public *;
}
-keep public class com.google.ads.** {
public *;
}
-keep public class com.google.android.gms.common.** {
  public *;
}
-keep public class * extends android.preference.Preference
-keep class com.tapjoy.** { *; }
-keepattributes JavascriptInterface
-keep class * extends java.util.ListResourceBundle {
protected Object[][] getContents();
}
-keep public class com.google.android.gms.common.internal.safeparcel.SafeParcelable {
public static final *** NULL;
}
-keepnames @com.google.android.gms.common.annotation.KeepName class *
-keepclassmembernames class * {
@com.google.android.gms.common.annotation.KeepName *;
}
-keepnames class * implements android.os.Parcelable {
public static final ** CREATOR;
}
-keep class com.google.android.gms.ads.identifier.** { *; }