DotMonster/proj.android/proguard/seeds.txt
com.tronplay.dotgame.R$attr: int adSize
com.tronplay.dotgame.R$attr: int adSizes
com.tronplay.dotgame.R$attr: int adUnitId
com.tronplay.dotgame.R$attr: int buyButtonAppearance
com.tronplay.dotgame.R$attr: int buyButtonHeight
com.tronplay.dotgame.R$attr: int buyButtonText
com.tronplay.dotgame.R$attr: int buyButtonWidth
com.tronplay.dotgame.R$attr: int cameraBearing
com.tronplay.dotgame.R$attr: int cameraTargetLat
com.tronplay.dotgame.R$attr: int cameraTargetLng
com.tronplay.dotgame.R$attr: int cameraTilt
com.tronplay.dotgame.R$attr: int cameraZoom
com.tronplay.dotgame.R$attr: int environment
com.tronplay.dotgame.R$attr: int fragmentMode
com.tronplay.dotgame.R$attr: int fragmentStyle
com.tronplay.dotgame.R$attr: int mapType
com.tronplay.dotgame.R$attr: int maskedWalletDetailsBackground
com.tronplay.dotgame.R$attr: int maskedWalletDetailsButtonBackground
com.tronplay.dotgame.R$attr: int maskedWalletDetailsButtonTextAppearance
com.tronplay.dotgame.R$attr: int maskedWalletDetailsHeaderTextAppearance
com.tronplay.dotgame.R$attr: int maskedWalletDetailsLogoImageType
com.tronplay.dotgame.R$attr: int maskedWalletDetailsLogoTextColor
com.tronplay.dotgame.R$attr: int maskedWalletDetailsTextAppearance
com.tronplay.dotgame.R$attr: int theme
com.tronplay.dotgame.R$attr: int uiCompass
com.tronplay.dotgame.R$attr: int uiRotateGestures
com.tronplay.dotgame.R$attr: int uiScrollGestures
com.tronplay.dotgame.R$attr: int uiTiltGestures
com.tronplay.dotgame.R$attr: int uiZoomControls
com.tronplay.dotgame.R$color: int common_action_bar_splitter
com.tronplay.dotgame.R$color: int common_signin_btn_dark_text_default
com.tronplay.dotgame.R$color: int common_signin_btn_dark_text_disabled
com.tronplay.dotgame.R$color: int common_signin_btn_dark_text_focused
com.tronplay.dotgame.R$color: int common_signin_btn_dark_text_pressed
com.tronplay.dotgame.R$color: int common_signin_btn_default_background
com.tronplay.dotgame.R$color: int common_signin_btn_light_text_default
com.tronplay.dotgame.R$color: int common_signin_btn_light_text_disabled
com.tronplay.dotgame.R$color: int common_signin_btn_light_text_focused
com.tronplay.dotgame.R$color: int common_signin_btn_light_text_pressed
com.tronplay.dotgame.R$color: int common_signin_btn_text_dark
com.tronplay.dotgame.R$color: int common_signin_btn_text_light
com.tronplay.dotgame.R$color: int wallet_bright_foreground_disabled_holo_light
com.tronplay.dotgame.R$color: int wallet_bright_foreground_holo_dark
com.tronplay.dotgame.R$color: int wallet_bright_foreground_holo_light
com.tronplay.dotgame.R$color: int wallet_dim_foreground_disabled_holo_dark
com.tronplay.dotgame.R$color: int wallet_dim_foreground_holo_dark
com.tronplay.dotgame.R$color: int wallet_dim_foreground_inverse_disabled_holo_dark
com.tronplay.dotgame.R$color: int wallet_dim_foreground_inverse_holo_dark
com.tronplay.dotgame.R$color: int wallet_highlighted_text_holo_dark
com.tronplay.dotgame.R$color: int wallet_highlighted_text_holo_light
...
android.support.v4.app.RemoteInputCompatBase$RemoteInput$Factory
android.support.v4.app.RemoteInputCompatBase$RemoteInput$Factory: android.support.v4.app.RemoteInputCompatBase$RemoteInput build(java.lang.String,java.lang.CharSequence,java.lang.CharSequence[],boolean,android.os.Bundle)
android.support.v4.app.RemoteInputCompatBase$RemoteInput$Factory: android.support.v4.app.RemoteInputCompatBase$RemoteInput[] newArray(int)
android.support.v4.app.RemoteInputCompatJellybean
android.support.v4.app.RemoteInputCompatJellybean: java.lang.String RESULTS_CLIP_LABEL
android.support.v4.app.RemoteInputCompatJellybean: java.lang.String EXTRA_RESULTS_DATA
android.support.v4.app.RemoteInputCompatJellybean: java.lang.String KEY_RESULT_KEY
android.support.v4.app.RemoteInputCompatJellybean: java.lang.String KEY_LABEL
android.support.v4.app.RemoteInputCompatJellybean: java.lang.String KEY_CHOICES
android.support.v4.app.RemoteInputCompatJellybean: java.lang.String KEY_ALLOW_FREE_FORM_INPUT
android.support.v4.app.RemoteInputCompatJellybean: java.lang.String KEY_EXTRAS
android.support.v4.app.RemoteInputCompatJellybean: RemoteInputCompatJellybean()
android.support.v4.app.RemoteInputCompatJellybean: android.support.v4.app.RemoteInputCompatBase$RemoteInput fromBundle(android.os.Bundle,android.support.v4.app.RemoteInputCompatBase$RemoteInput$Factory)
android.support.v4.app.RemoteInputCompatJellybean: android.os.Bundle toBundle(android.support.v4.app.RemoteInputCompatBase$RemoteInput)
android.support.v4.app.RemoteInputCompatJellybean: android.support.v4.app.RemoteInputCompatBase$RemoteInput[] fromBundleArray(android.os.Bundle[],android.support.v4.app.RemoteInputCompatBase$RemoteInput$Factory)
android.support.v4.app.RemoteInputCompatJellybean: android.os.Bundle[] toBundleArray(android.support.v4.app.RemoteInputCompatBase$RemoteInput[])
android.support.v4.app.ServiceCompat
android.support.v4.app.ServiceCompat: int START_STICKY
android.support.v4.app.ServiceCompat: ServiceCompat()
android.support.v4.app.ShareCompat
android.support.v4.app.ShareCompat: java.lang.String EXTRA_CALLING_PACKAGE
android.support.v4.app.ShareCompat: java.lang.String EXTRA_CALLING_ACTIVITY
android.support.v4.app.ShareCompat: android.support.v4.app.ShareCompat$ShareCompatImpl IMPL
android.support.v4.app.ShareCompat: ShareCompat()
android.support.v4.app.ShareCompat: java.lang.String getCallingPackage(android.app.Activity)
android.support.v4.app.ShareCompat: android.content.ComponentName getCallingActivity(android.app.Activity)
android.support.v4.app.ShareCompat: void configureMenuItem(android.view.MenuItem,android.support.v4.app.ShareCompat$IntentBuilder)
android.support.v4.app.ShareCompat: void configureMenuItem(android.view.Menu,int,android.support.v4.app.ShareCompat$IntentBuilder)
android.support.v4.app.ShareCompat: android.support.v4.app.ShareCompat$ShareCompatImpl access$000()
android.support.v4.app.ShareCompat: void <clinit>()