DotMonster/proj.android/proguard/mapping.txt
com.tapjoy.internal.cr -> com.tapjoy.internal.cr:
    java.lang.String a(java.lang.String) -> a
    java.lang.String b(java.lang.String) -> b
    boolean c(java.lang.String) -> c
com.tapjoy.internal.cs -> com.tapjoy.internal.cs:
    void a(java.lang.Throwable,java.lang.Class) -> a
    java.lang.RuntimeException a(java.lang.Throwable) -> a
com.tapjoy.internal.ct -> com.tapjoy.internal.ct:
    com.tapjoy.internal.cp a -> a
    java.util.Collection a(java.lang.Iterable) -> a
com.tapjoy.internal.cu -> com.tapjoy.internal.cu:
    com.tapjoy.internal.cx a -> a
    java.util.Iterator b -> b
    java.lang.Object a(java.util.Iterator) -> a
com.tapjoy.internal.cu$1 -> com.tapjoy.internal.cu$1:
    boolean hasNext() -> hasNext
    java.lang.Object next() -> next
com.tapjoy.internal.cu$2 -> com.tapjoy.internal.cu$2:
    boolean hasNext() -> hasNext
    java.lang.Object next() -> next
    void remove() -> remove
com.tapjoy.internal.cv -> com.tapjoy.internal.cv:
    com.tapjoy.internal.cp$a a -> a
    java.util.HashMap a() -> a
    java.util.LinkedHashMap b() -> b
com.tapjoy.internal.cw -> com.tapjoy.internal.cw:
    java.util.HashSet a(java.util.Iterator) -> a
com.tapjoy.internal.cx -> com.tapjoy.internal.cx:
    void remove() -> remove
com.tapjoy.internal.cy -> com.tapjoy.internal.cy:
    long a(java.io.InputStream,java.io.OutputStream) -> a
com.tapjoy.internal.cz -> com.tapjoy.internal.cz:
    long a(java.lang.Readable,java.lang.Appendable) -> a
    java.lang.String a(java.lang.Readable) -> a
com.tapjoy.internal.d -> com.tapjoy.internal.d:
    boolean a -> a
    void show() -> show
    void cancel() -> cancel
com.tapjoy.internal.da -> com.tapjoy.internal.da:
    java.util.logging.Logger a -> a
    void a(java.io.Closeable) -> a
com.tapjoy.internal.db -> com.tapjoy.internal.db:
    java.util.logging.Logger a -> a
    com.tapjoy.internal.dg b -> b
    void a() -> a
    void b() -> b
    void c() -> c
    void d() -> d
    java.lang.String toString() -> toString
    com.tapjoy.internal.df e() -> e
    com.tapjoy.internal.dg$a f() -> f
    java.util.logging.Logger g() -> g
com.tapjoy.internal.db$1 -> com.tapjoy.internal.db$1:
    com.tapjoy.internal.db a -> a
    void a() -> a
    void b() -> b
com.tapjoy.internal.db$1$1 -> com.tapjoy.internal.db$1$1:
    com.tapjoy.internal.db$1 a -> a
    void run() -> run
com.tapjoy.internal.db$2 -> com.tapjoy.internal.db$2:
    com.tapjoy.internal.db a -> a
    void execute(java.lang.Runnable) -> execute
com.tapjoy.internal.dc -> com.tapjoy.internal.dc:
    com.tapjoy.internal.dc$a a -> a
    com.tapjoy.internal.de b -> b
    java.lang.Object get(long,java.util.concurrent.TimeUnit) -> get
    java.lang.Object get() -> get
    boolean isDone() -> isDone
    boolean isCancelled() -> isCancelled
    boolean cancel(boolean) -> cancel
    boolean a(java.lang.Object) -> a
    boolean a(java.lang.Throwable) -> a
com.tapjoy.internal.dc$a -> com.tapjoy.internal.dc$a:
    java.lang.Object a -> a
    java.lang.Throwable b -> b
    int tryAcquireShared(int) -> tryAcquireShared
    boolean tryReleaseShared(int) -> tryReleaseShared
    java.lang.Object a() -> a
    boolean b() -> b
    boolean c() -> c
    boolean a(java.lang.Object,java.lang.Throwable,int) -> a
com.tapjoy.internal.dd -> com.tapjoy.internal.dd:
    java.util.concurrent.locks.ReentrantLock a -> a
    com.tapjoy.internal.dd$a b -> b
    com.tapjoy.internal.dd$a c -> c
    com.tapjoy.internal.dg$a d -> d
    boolean e -> e
    void a() -> a
    void b() -> b
    com.tapjoy.internal.df e() -> e
    com.tapjoy.internal.df g() -> g
    void c() -> c
    void d() -> d
    void a(java.lang.Throwable) -> a
    com.tapjoy.internal.dg$a f() -> f
    java.lang.String toString() -> toString
com.tapjoy.internal.dd$a -> com.tapjoy.internal.dd$a:
    com.tapjoy.internal.dd a -> a
    com.tapjoy.internal.dg$a a(long,java.util.concurrent.TimeUnit) -> a
    java.lang.Object get(long,java.util.concurrent.TimeUnit) -> get