DotMonster/proj.android/proguard/usage.txt
com.tronplay.dotgame.BuildConfig
com.tronplay.dotgame.R
com.tronplay.dotgame.R$attr
com.tronplay.dotgame.R$color
com.tronplay.dotgame.R$drawable
com.tronplay.dotgame.R$id
com.tronplay.dotgame.R$integer
com.tronplay.dotgame.R$string
com.tronplay.dotgame.R$style
com.tronplay.dotgame.R$styleable
...
android.support.v4.content.ContextCompatApi23:
    25:25:ContextCompatApi23()
android.support.v4.content.ContextCompatFroyo:
    23:23:ContextCompatFroyo()
android.support.v4.content.ContextCompatHoneycomb:
    27:27:ContextCompatHoneycomb()
android.support.v4.content.ContextCompatJellybean:
    23:23:ContextCompatJellybean()
android.support.v4.content.ContextCompatKitKat:
    23:23:ContextCompatKitKat()
android.support.v4.content.CursorLoader
android.support.v4.content.EditorCompatGingerbread
android.support.v4.content.ExecutorCompatHoneycomb
android.support.v4.content.FileProvider
android.support.v4.content.FileProvider$PathStrategy
android.support.v4.content.FileProvider$SimplePathStrategy
android.support.v4.content.IntentCompat:
    public static final java.lang.String ACTION_EXTERNAL_APPLICATIONS_AVAILABLE
    public static final java.lang.String ACTION_EXTERNAL_APPLICATIONS_UNAVAILABLE
    public static final java.lang.String EXTRA_CHANGED_PACKAGE_LIST
    public static final java.lang.String EXTRA_CHANGED_UID_LIST
    public static final java.lang.String EXTRA_HTML_TEXT
    public static final int FLAG_ACTIVITY_TASK_ON_HOME
    public static final int FLAG_ACTIVITY_CLEAR_TASK
    95:97:private IntentCompat()
    249:249:public static android.content.Intent makeMainSelectorActivity(java.lang.String,java.lang.String)
    266:266:public static android.content.Intent makeRestartActivityTask(android.content.ComponentName)
android.support.v4.content.IntentCompat$IntentCompatImpl:
    public abstract android.content.Intent makeMainSelectorActivity(java.lang.String,java.lang.String)
    public abstract android.content.Intent makeRestartActivityTask(android.content.ComponentName)
android.support.v4.content.IntentCompat$IntentCompatImplBase:
    51:53:public android.content.Intent makeMainSelectorActivity(java.lang.String,java.lang.String)
    58:61:public android.content.Intent makeRestartActivityTask(android.content.ComponentName)
android.support.v4.content.IntentCompat$IntentCompatImplHC:
    72:72:public android.content.Intent makeRestartActivityTask(android.content.ComponentName)
android.support.v4.content.IntentCompat$IntentCompatImplIcsMr1:
    79:79:public android.content.Intent makeMainSelectorActivity(java.lang.String,java.lang.String)
android.support.v4.content.IntentCompatHoneycomb:
    22:22:IntentCompatHoneycomb()
    28:28:public static android.content.Intent makeRestartActivityTask(android.content.ComponentName)
android.support.v4.content.IntentCompatIcsMr1
android.support.v4.content.Loader:
    android.content.Context mContext
    113:115:public Loader(android.content.Context)
    125:128:public void deliverResult(java.lang.Object)
    137:140:public void deliverCancellation()
    146:146:public android.content.Context getContext()
    153:153:public int getId()
    226:226:public boolean isStarted()
    235:235:public boolean isAbandoned()
    244:244:public boolean isReset()
    329:330:public void forceLoad()
    337:337:protected void onForceLoad()
    443:446:public boolean takeContentChanged()
    457:458:public void commitContentChanged()
    468:471:public void rollbackContentChanged()
    482:490:public void onContentChanged()
android.support.v4.content.Loader$ForceLoadContentObserver
android.support.v4.content.Loader$OnLoadCanceledListener:
    public abstract void onLoadCanceled(android.support.v4.content.Loader)
android.support.v4.content.Loader$OnLoadCompleteListener:
    public abstract void onLoadComplete(android.support.v4.content.Loader,java.lang.Object)
android.support.v4.content.LocalBroadcastManager
android.support.v4.content.LocalBroadcastManager$1
android.support.v4.content.LocalBroadcastManager$BroadcastRecord
android.support.v4.content.LocalBroadcastManager$ReceiverRecord
android.support.v4.content.ModernAsyncTask
android.support.v4.content.ModernAsyncTask$1
android.support.v4.content.ModernAsyncTask$2
android.support.v4.content.ModernAsyncTask$3